<?xml version="1.0" encoding="utf-8"?>
<dataset>
	<table name="user">
		<column>userid</column>
		<column>username</column>
		<column>password</column>
		<column>version</column>
		<row>
			<value>10001</value>
			<value>test_user1</value>
			<value>21232f297a57a5a743894a0e4a801fc3</value>
			<value>1</value>
		</row>
		<row>
			<value>10002</value>
			<value>test_user2</value>
			<value>21232f297a57a5a743894a0e4a801fc3</value>
			<value>1</value>
		</row>
	</table>
</dataset>
